<?xml version="1.0" encoding="UTF-8"?>
<!-- Generated by org.testng.reporters.JUnitReportReporter -->
<testsuite skipped="0" hostname="LAPTOP-P23V86HB" name="com.jbk.DashBoard" tests="1" failures="0" timestamp="21 Mar 2022 17:19:31 GMT" time="2.269" errors="0">
  <testcase name="Dashf" time="2.269" classname="com.jbk.DashBoard"/>
</testsuite> <!-- com.jbk.DashBoard -->
