<?xml version="1.0" encoding="UTF-8"?>
<!-- Generated by org.testng.reporters.JUnitReportReporter -->
<testsuite skipped="0" hostname="LAPTOP-P23V86HB" name="com.jbk.LoginTest" tests="1" failures="0" timestamp="11 Apr 2022 06:59:59 GMT" time="2.194" errors="0">
  <testcase name="Loginf" time="2.194" classname="com.jbk.LoginTest"/>
</testsuite> <!-- com.jbk.LoginTest -->
