<?xml version="1.0" encoding="UTF-8"?>
<!-- Generated by org.testng.reporters.JUnitReportReporter -->
<testsuite skipped="0" hostname="LAPTOP-P23V86HB" name="com.jbk.FirstTest" tests="1" failures="0" timestamp="11 Apr 2022 06:59:59 GMT" time="3.130" errors="0">
  <testcase name="Firstf" time="3.130" classname="com.jbk.FirstTest"/>
</testsuite> <!-- com.jbk.FirstTest -->
