<?xml version="1.0" encoding="UTF-8"?>
<!-- Generated by org.testng.reporters.JUnitReportReporter -->
<testsuite skipped="0" hostname="LAPTOP-P23V86HB" name="firstMavenTesting" tests="1" failures="0" timestamp="20 Mar 2022 05:14:43 GMT" time="2.227" errors="0">
  <testcase name="f" time="2.227" classname="firstMavenTesting"/>
</testsuite> <!-- firstMavenTesting -->
