<?xml version="1.0" encoding="UTF-8"?>
<!-- Generated by org.testng.reporters.JUnitReportReporter -->
<testsuite skipped="0" hostname="LAPTOP-P23V86HB" name="com.jbk.LoginTest" tests="1" failures="0" timestamp="2022-03-31T15:00:57 IST" time="2.437" errors="0">
  <testcase name="Loginf" time="2.437" classname="com.jbk.LoginTest"/>
  <system-out/>
</testsuite> <!-- com.jbk.LoginTest -->
