<?xml version="1.0" encoding="UTF-8"?>
<!-- Generated by org.testng.reporters.JUnitReportReporter -->
<testsuite skipped="0" hostname="LAPTOP-P23V86HB" name="com.jbk.DashBoard" tests="1" failures="0" timestamp="2022-03-20T22:11:07 IST" time="3.207" errors="0">
  <testcase name="f" time="3.207" classname="com.jbk.DashBoard"/>
  <system-out/>
</testsuite> <!-- com.jbk.DashBoard -->
