<?xml version="1.0" encoding="UTF-8"?>
<!-- Generated by org.testng.reporters.JUnitReportReporter -->
<testsuite skipped="0" hostname="LAPTOP-P23V86HB" name="com.jbk.LoginTestPom" tests="1" failures="0" timestamp="2022-03-30T11:53:11 IST" time="3.104" errors="0">
  <testcase name="test01" time="3.104" classname="com.jbk.LoginTestPom"/>
  <system-out/>
</testsuite> <!-- com.jbk.LoginTestPom -->
