<?xml version="1.0" encoding="UTF-8"?>
<!-- Generated by org.testng.reporters.JUnitReportReporter -->
<testsuite skipped="0" hostname="LAPTOP-P23V86HB" name="com.jbk.FirstTest" tests="1" failures="0" timestamp="2022-03-31T15:02:59 IST" time="2.718" errors="0">
  <testcase name="Firstf" time="2.718" classname="com.jbk.FirstTest"/>
  <system-out/>
</testsuite> <!-- com.jbk.FirstTest -->
