<?xml version="1.0" encoding="UTF-8"?>
<!-- Generated by org.testng.reporters.JUnitReportReporter -->
<testsuite skipped="0" hostname="LAPTOP-P23V86HB" name="com.jbk.firstMavenTesting" tests="1" failures="0" timestamp="2022-03-20T10:51:28 IST" time="2.269" errors="0">
  <testcase name="f" time="2.269" classname="com.jbk.firstMavenTesting"/>
  <system-out/>
</testsuite> <!-- com.jbk.firstMavenTesting -->
